<?xml version="1.0" encoding="UTF-8"?>
<!-- Generated by org.testng.reporters.JUnitReportReporter -->
<testsuite hostname="LAPTOP-1B08SHGS" failures="0" tests="1" name="opendrtest.patient_creation2" time="0.000" errors="0" timestamp="2021-02-16T19:38:46 IST" skipped="1">
  <testcase classname="opendrtest.patient_creation2" name="patientCreation" time="0.000">
    <skipped/>
  </testcase> <!-- patientCreation -->
  <system-out/>
</testsuite> <!-- opendrtest.patient_creation2 -->
