<?xml version="1.0" encoding="UTF-8"?>
<!-- Generated by org.testng.reporters.JUnitReportReporter -->
<testsuite hostname="LAPTOP-1B08SHGS" failures="0" tests="1" name="opendrtest.testing" time="23.569" errors="0" timestamp="2021-02-27T12:04:36 IST" skipped="0">
  <testcase classname="opendrtest.testing" name="testnew" time="23.569"/>
  <system-out/>
</testsuite> <!-- opendrtest.testing -->
